<?xml version="1.0" encoding="UTF-8"?>
<testsuite xmlns:xsi="http://www.w3.org/2001/XMLSchema-instance" xsi:noNamespaceSchemaLocation="https://maven.apache.org/surefire/maven-surefire-plugin/xsd/surefire-test-report-3.0.xsd" version="3.0" name="com.personal.treeset.TestTreeSet" time="0.004" tests="12" errors="0" skipped="0" failures="0">
  <properties>
[...]
</properties>
  <testcase name="givenTenElementsInTreeSet_whenRemove12_thenNotContains12" classname="com.personal.treeset.TestTreeSet" time="0"/>
  <testcase name="givenTenElementsInTreeSet_whenRemove6_thenSize9" classname="com.personal.treeset.TestTreeSet" time="0"/>
  <testcase name="givenTenElementsInTreeSet_whenRemove12_thenSize9" classname="com.personal.treeset.TestTreeSet" time="0"/>
  <testcase name="givenFiveElementsInTreeSet_whenRemoveAll_thenSizeZero" classname="com.personal.treeset.TestTreeSet" time="0"/>
  <testcase name="givenTenElementsInTreeSet_whenRemove52_thenSize9" classname="com.personal.treeset.TestTreeSet" time="0"/>
  <testcase name="givenNewTreeSet_whenAddNewElement_thenSizeOne" classname="com.personal.treeset.TestTreeSet" time="0"/>
  <testcase name="givenFiveElementsInTreeSet_whenContains60_thenTrue" classname="com.personal.treeset.TestTreeSet" time="0"/>
  <testcase name="givenNewTreeSet_whenAddNewTenElement_thenSizeTen" classname="com.personal.treeset.TestTreeSet" time="0"/>
  <testcase name="givenTenElementsInTreeSet_whenIterate_thenCount10" classname="com.personal.treeset.TestTreeSet" time="0"/>
  <testcase name="givenNewTreeSet_whenSize_thenZero" classname="com.personal.treeset.TestTreeSet" time="0"/>
  <testcase name="givenFiveElementsInTreeSet_whenContains13_thenFalse" classname="com.personal.treeset.TestTreeSet" time="0"/>
  <testcase name="given15ElementsInTreeSet_whenSize_then15" classname="com.personal.treeset.TestTreeSet" time="0"/>
</testsuite>