<?xml version="1.0" encoding="UTF-8"?>
<testsuite xmlns:xsi="http://www.w3.org/2001/XMLSchema-instance" xsi:noNamespaceSchemaLocation="https://maven.apache.org/surefire/maven-surefire-plugin/xsd/surefire-test-report-3.0.xsd" version="3.0" name="com.personal.hashset.TestHashSet" time="0.007" tests="11" errors="0" skipped="0" failures="0">
  <properties>
[...]
</properties>
  <testcase name="givenAnElementInHashSet_whenContainsElement1_thenTrue" classname="com.personal.hashset.TestHashSet" time="0.001"/>
  <testcase name="givenFortyElementsInHashSet_whenSize_thenSizeForty" classname="com.personal.hashset.TestHashSet" time="0"/>
  <testcase name="givenElementsInHashSet_whenIterator_thenGetValuesElement1Element2" classname="com.personal.hashset.TestHashSet" time="0"/>
  <testcase name="givenNewHashSet_whenSize_thenZero" classname="com.personal.hashset.TestHashSet" time="0"/>
  <testcase name="givenNewHashSet_whenAdd_thenSizeOne" classname="com.personal.hashset.TestHashSet" time="0"/>
  <testcase name="givenFortyElementsInHashSet_whenIterator_thenGetSize40" classname="com.personal.hashset.TestHashSet" time="0"/>
  <testcase name="givenAnElementInHashSet_whenNotContainsElement1_thenFalse" classname="com.personal.hashset.TestHashSet" time="0"/>
  <testcase name="givenFourElementsInHashSet_whenRemoveAll_thenSizeZero" classname="com.personal.hashset.TestHashSet" time="0"/>
  <testcase name="givenAnElementInHashSet_whenAddEqualElement_thenSizeOne" classname="com.personal.hashset.TestHashSet" time="0"/>
  <testcase name="givenFourElementsInHashSet_whenRemoveTow_thenSizeTwo" classname="com.personal.hashset.TestHashSet" time="0"/>
  <testcase name="givenTwoElementsInHashSet_whenRemoveOne_thenSizeOne" classname="com.personal.hashset.TestHashSet" time="0"/>
</testsuite>